


ARM Macro Assembler    Page 1 


    1 00000000         ;/******************************************************
                       ***********************
    2 00000000         ; * @file:    startup_pac5xxx_keil.s
    3 00000000         ; * @purpose: CMSIS Cortex-M0 Core Device Startup File f
                       or the 
    4 00000000         ; *           PAC52XX Device Family
    5 00000000         ; *------- <<< Use Configuration Wizard in Context Menu 
                       >>> ------------------
    6 00000000         ; *
    7 00000000         ; * Copyright (C) 2015, Active-Semi International
    8 00000000         ; *
    9 00000000         ; * THIS SOFTWARE IS SUBJECT TO A SOURCE CODE LICENSE AG
                       REEMENT WHICH PROVIDES, 
   10 00000000         ; * AMONG OTHER THINGS:  (i) THAT IT CAN BE USED ONLY TO
                        ADAPT THE LICENSEE'S 
   11 00000000         ; * APPLICATION TO PAC PROCESSORS SUPPLIED BY ACTIVE-SEM
                       I INTERNATIONAL; 
   12 00000000         ; * (ii) THAT  IT IS PROVIDED "AS IS" WITHOUT WARRANTY; 
                        (iii) THAT 
   13 00000000         ; * ACTIVE-SEMICONDUCTOR IS NOT LIABLE FOR ANY INDIRECT 
                       DAMAGES OR FOR DIRECT
   14 00000000         ; * DAMAGES EXCEEDING US$1,500;  AND (iv) THAT IT CAN BE
                        DISCLOSED TO AND USED
   15 00000000         ; * ONLY BY CERTAIN AUTHORIZED PERSONS. 
   16 00000000         ; *
   17 00000000         ; ******************************************************
                       ***********************/
   18 00000000         
   19 00000000         
   20 00000000         ; <h> Stack Configuration
   21 00000000         ;   <o> Stack Size (in Bytes) <0x0-0xFFFFFFFF:8>
   22 00000000         ; </h>
   23 00000000         
   24 00000000 00000100 
                       Stack_Size
                               EQU              0x00000100
   25 00000000         
   26 00000000                 AREA             STACK, NOINIT, READWRITE, ALIGN
=3
   27 00000000         Stack_Mem
                               SPACE            Stack_Size
   28 00000100         __initial_sp
   29 00000100         
   30 00000100         
   31 00000100         ; <h> Heap Configuration
   32 00000100         ;   <o>  Heap Size (in Bytes) <0x0-0xFFFFFFFF:8>
   33 00000100         ; </h>
   34 00000100         
   35 00000100 00000000 
                       Heap_Size
                               EQU              0x00000000
   36 00000100         
   37 00000100                 AREA             HEAP, NOINIT, READWRITE, ALIGN=
3
   38 00000000         __heap_base
   39 00000000         Heap_Mem
                               SPACE            Heap_Size
   40 00000000         __heap_limit
   41 00000000         



ARM Macro Assembler    Page 2 


   42 00000000         
   43 00000000                 PRESERVE8
   44 00000000                 THUMB
   45 00000000         
   46 00000000         
   47 00000000         ; Vector Table Mapped to Address 0 at Reset
   48 00000000         
   49 00000000                 AREA             RESET, DATA, READONLY
   50 00000000                 EXPORT           __Vectors
   51 00000000         
   52 00000000 00000000 
                       __Vectors
                               DCD              __initial_sp ; Top of Stack
   53 00000004 00000000        DCD              Reset_Handler ; Reset Handler
   54 00000008 00000000        DCD              NMI_Handler ; NMI Handler
   55 0000000C 00000000        DCD              HardFault_Handler ; Hard Fault 
                                                            Handler
   56 00000010 00000000        DCD              0           ; Reserved
   57 00000014 00000000        DCD              0           ; Reserved
   58 00000018 00000000        DCD              0           ; Reserved
   59 0000001C 00000000        DCD              0           ; Reserved
   60 00000020 00000000        DCD              0           ; Reserved
   61 00000024 00000000        DCD              0           ; Reserved
   62 00000028 00000000        DCD              0           ; Reserved
   63 0000002C 00000000        DCD              SVC_Handler ; SVCall Handler
   64 00000030 00000000        DCD              0           ; Reserved
   65 00000034 00000000        DCD              0           ; Reserved
   66 00000038 00000000        DCD              PendSV_Handler ; PendSV Handler
                                                            
   67 0000003C 00000000        DCD              SysTick_Handler 
                                                            ; SysTick Handler
   68 00000040         
   69 00000040         ; External Interrupts
   70 00000040 00000000        DCD              MemCtl_IRQHandler ; 0: Memory C
                                                            ontroller Handler
   71 00000044 00000000        DCD              SysClk_IRQHandler ; 1: System a
                                                            nd Clock Controller
                                                             Handler
   72 00000048 00000000        DCD              Wdt_IRQHandler ; 2: Watchdog Ti
                                                            mer Handler
   73 0000004C 00000000        DCD              GpioA_IRQHandler 
                                                            ; 3: GPIO A Handler
                                                            
   74 00000050 00000000        DCD              GpioB_IRQHandler 
                                                            ; 4: GPIO B Handler
                                                            
   75 00000054 00000000        DCD              GpioC_IRQHandler 
                                                            ; 5: GPIO C Handler
                                                            
   76 00000058 00000000        DCD              GpioD_IRQHandler 
                                                            ; 6: GPIO D Handler
                                                            
   77 0000005C 00000000        DCD              GpioE_IRQHandler 
                                                            ; 7: GPIO E Handler
                                                            
   78 00000060 00000000        DCD              TimerA_IRQHandler ; 8: Timer A 
                                                            Handler (Base, CC 0
                                                            -5)
   79 00000064 00000000        DCD              TimerAExt_IRQHandler ; 9: Timer



ARM Macro Assembler    Page 3 


                                                             A Ext Handler (CC 
                                                            6, 7)
   80 00000068 00000000        DCD              TimerB_IRQHandler ; 10: Timer B
                                                             Handler (Base + CC
                                                            )
   81 0000006C 00000000        DCD              TimerC_IRQHandler ; 11: Timer C
                                                             Handler (Base + CC
                                                            )
   82 00000070 00000000        DCD              TimerD_IRQHandler ; 12: Timer D
                                                             Handler (Base + CC
                                                            )
   83 00000074 00000000        DCD              ADC_IRQHandler 
                                                            ; 13: ADC Handler
   84 00000078 00000000        DCD              SocBridge_IRQHandler ; 14: SocB
                                                            ridge Handler
   85 0000007C 00000000        DCD              SPIB_IRQHandler 
                                                            ; 15: SPI-B Handler
                                                            
   86 00000080 00000000        DCD              UART_IRQHandler 
                                                            ; 16: UART Handler
   87 00000084 00000000        DCD              I2C_IRQHandler 
                                                            ; 17: I2C Handler
   88 00000088 00000000        DCD              EMUX_IRQHandler 
                                                            ; 18: EMUX Handler
   89 0000008C 00000000        DCD              RTC_IRQHandler 
                                                            ; 19: RTC Handler
   90 00000090         
   91 00000090                 IF               :LNOT::DEF:NO_CRP
   92 00000090                 AREA             |.ARM.__at_0x02FC|, CODE, READO
NLY
   93 00000000 FFFFFFFF 
                       CRP_Key DCD              0xFFFFFFFF
   94 00000004                 ENDIF
   95 00000004         
   96 00000004         
   97 00000004                 AREA             |.text|, CODE, READONLY
   98 00000000         
   99 00000000         
  100 00000000         ; Reset Handler
  101 00000000         
  102 00000000         Reset_Handler
                               PROC
  103 00000000                 EXPORT           Reset_Handler             [WEAK
]
  104 00000000                 IMPORT           SystemInit
  105 00000000                 IMPORT           __main
  106 00000000 4809            LDR              R0, =SystemInit
  107 00000002 4780            BLX              R0
  108 00000004 4809            LDR              R0, =__main
  109 00000006 4700            BX               R0
  110 00000008                 ENDP
  111 00000008         
  112 00000008         
  113 00000008         ; Dummy Exception Handlers (infinite loops which can be 
                       modified)                
  114 00000008         
  115 00000008         NMI_Handler
                               PROC
  116 00000008                 EXPORT           NMI_Handler               [WEAK



ARM Macro Assembler    Page 4 


]
  117 00000008 E7FE            B                .
  118 0000000A                 ENDP
  120 0000000A         HardFault_Handler
                               PROC
  121 0000000A                 EXPORT           HardFault_Handler         [WEAK
]
  122 0000000A E7FE            B                .
  123 0000000C                 ENDP
  125 0000000C         MemManage_Handler
                               PROC
  126 0000000C                 EXPORT           MemManage_Handler         [WEAK
]
  127 0000000C E7FE            B                .
  128 0000000E                 ENDP
  130 0000000E         BusFault_Handler
                               PROC
  131 0000000E                 EXPORT           BusFault_Handler          [WEAK
]
  132 0000000E E7FE            B                .
  133 00000010                 ENDP
  135 00000010         UsageFault_Handler
                               PROC
  136 00000010                 EXPORT           UsageFault_Handler        [WEAK
]
  137 00000010 E7FE            B                .
  138 00000012                 ENDP
  139 00000012         SVC_Handler
                               PROC
  140 00000012                 EXPORT           SVC_Handler               [WEAK
]
  141 00000012 E7FE            B                .
  142 00000014                 ENDP
  144 00000014         DebugMon_Handler
                               PROC
  145 00000014                 EXPORT           DebugMon_Handler          [WEAK
]
  146 00000014 E7FE            B                .
  147 00000016                 ENDP
  148 00000016         PendSV_Handler
                               PROC
  149 00000016                 EXPORT           PendSV_Handler            [WEAK
]
  150 00000016 E7FE            B                .
  151 00000018                 ENDP
  152 00000018         SysTick_Handler
                               PROC
  153 00000018                 EXPORT           SysTick_Handler           [WEAK
]
  154 00000018 E7FE            B                .
  155 0000001A                 ENDP
  156 0000001A         
  157 0000001A         Default_Handler
                               PROC
  158 0000001A         
  159 0000001A                 EXPORT           MemCtl_IRQHandler         [WEAK
]
  160 0000001A                 EXPORT           MemCtl_IRQHandler         [WEAK
]



ARM Macro Assembler    Page 5 


  161 0000001A                 EXPORT           SysClk_IRQHandler         [WEAK
]
  162 0000001A                 EXPORT           Wdt_IRQHandler            [WEAK
]
  163 0000001A                 EXPORT           GpioA_IRQHandler          [WEAK
]
  164 0000001A                 EXPORT           GpioB_IRQHandler          [WEAK
]
  165 0000001A                 EXPORT           GpioC_IRQHandler          [WEAK
]
  166 0000001A                 EXPORT           GpioD_IRQHandler          [WEAK
]
  167 0000001A                 EXPORT           GpioE_IRQHandler          [WEAK
]
  168 0000001A                 EXPORT           TimerA_IRQHandler         [WEAK
]
  169 0000001A                 EXPORT           TimerAExt_IRQHandler      [WEAK
]
  170 0000001A                 EXPORT           TimerB_IRQHandler         [WEAK
]
  171 0000001A                 EXPORT           TimerC_IRQHandler         [WEAK
]
  172 0000001A                 EXPORT           TimerD_IRQHandler         [WEAK
]
  173 0000001A                 EXPORT           ADC_IRQHandler            [WEAK
]
  174 0000001A                 EXPORT           SocBridge_IRQHandler      [WEAK
]
  175 0000001A                 EXPORT           SPIB_IRQHandler           [WEAK
]
  176 0000001A                 EXPORT           UART_IRQHandler           [WEAK
]
  177 0000001A                 EXPORT           I2C_IRQHandler            [WEAK
]
  178 0000001A                 EXPORT           EMUX_IRQHandler           [WEAK
]
  179 0000001A                 EXPORT           RTC_IRQHandler            [WEAK
]
  180 0000001A         
  181 0000001A         MemCtl_IRQHandler
  182 0000001A         SysClk_IRQHandler
  183 0000001A         Wdt_IRQHandler
  184 0000001A         GpioA_IRQHandler
  185 0000001A         GpioB_IRQHandler
  186 0000001A         GpioC_IRQHandler
  187 0000001A         GpioD_IRQHandler
  188 0000001A         GpioE_IRQHandler
  189 0000001A         TimerA_IRQHandler
  190 0000001A         TimerAExt_IRQHandler
  191 0000001A         TimerB_IRQHandler
  192 0000001A         TimerC_IRQHandler
  193 0000001A         TimerD_IRQHandler
  194 0000001A         ADC_IRQHandler
  195 0000001A         SocBridge_IRQHandler
  196 0000001A         SPIB_IRQHandler
  197 0000001A         UART_IRQHandler
  198 0000001A         I2C_IRQHandler
  199 0000001A         EMUX_IRQHandler
  200 0000001A         RTC_IRQHandler



ARM Macro Assembler    Page 6 


  201 0000001A         
  202 0000001A E7FE            B                .
  203 0000001C         
  204 0000001C                 ENDP
  205 0000001C         
  206 0000001C         
  207 0000001C                 ALIGN
  208 0000001C         
  209 0000001C         
  210 0000001C         ; User Initial Stack & Heap
  211 0000001C         
  212 0000001C                 IF               :DEF:__MICROLIB
  219 0000001C         
  220 0000001C                 IMPORT           __use_two_region_memory
  221 0000001C                 EXPORT           __user_initial_stackheap
  222 0000001C         __user_initial_stackheap
  223 0000001C         
  224 0000001C 4804            LDR              R0, =  Heap_Mem
  225 0000001E 4905            LDR              R1, =(Stack_Mem + Stack_Size)
  226 00000020 4A03            LDR              R2, = (Heap_Mem +  Heap_Size)
  227 00000022 4B05            LDR              R3, = Stack_Mem
  228 00000024 4770            BX               LR
  229 00000026         
  230 00000026 00 00           ALIGN
  231 00000028         
  232 00000028                 ENDIF
  233 00000028         
  234 00000028         
  235 00000028                 END
              00000000 
              00000000 
              00000000 
              00000100 
              00000000 
Command Line: --debug --xref --diag_suppress=9931 --cpu=Cortex-M0 --apcs=interw
ork --depend=.\objects\startup_pac5xxx_keil.d -o.\objects\startup_pac5xxx_keil.
o -I.\RTE\_Target_1 -I"D:\Program Files (x86)\Keil_v5\ARM\PACK\ARM\CMSIS\5.0.1\
CMSIS\Include" -I"D:\Program Files (x86)\Keil_v5\ARM\PACK\Active-Semi\PAC52XX\2
.0.0\Device\Include" --predefine="__UVISION_VERSION SETA 523" --predefine="_RTE
_ SETA 1" --list=.\listings\startup_pac5xxx_keil.lst ..\pac5xxx_sdk\pac5xxx_boo
t_KEIL\startup_pac5xxx_keil.s



ARM Macro Assembler    Page 1 Alphabetic symbol ordering
Relocatable symbols

STACK 00000000

Symbol: STACK
   Definitions
      At line 26 in file ..\pac5xxx_sdk\pac5xxx_boot_KEIL\startup_pac5xxx_keil.
s
   Uses
      None
Comment: STACK unused
Stack_Mem 00000000

Symbol: Stack_Mem
   Definitions
      At line 27 in file ..\pac5xxx_sdk\pac5xxx_boot_KEIL\startup_pac5xxx_keil.
s
   Uses
      At line 225 in file ..\pac5xxx_sdk\pac5xxx_boot_KEIL\startup_pac5xxx_keil
.s
      At line 227 in file ..\pac5xxx_sdk\pac5xxx_boot_KEIL\startup_pac5xxx_keil
.s

__initial_sp 00000100

Symbol: __initial_sp
   Definitions
      At line 28 in file ..\pac5xxx_sdk\pac5xxx_boot_KEIL\startup_pac5xxx_keil.
s
   Uses
      At line 52 in file ..\pac5xxx_sdk\pac5xxx_boot_KEIL\startup_pac5xxx_keil.
s
Comment: __initial_sp used once
3 symbols



ARM Macro Assembler    Page 1 Alphabetic symbol ordering
Relocatable symbols

HEAP 00000000

Symbol: HEAP
   Definitions
      At line 37 in file ..\pac5xxx_sdk\pac5xxx_boot_KEIL\startup_pac5xxx_keil.
s
   Uses
      None
Comment: HEAP unused
Heap_Mem 00000000

Symbol: Heap_Mem
   Definitions
      At line 39 in file ..\pac5xxx_sdk\pac5xxx_boot_KEIL\startup_pac5xxx_keil.
s
   Uses
      At line 224 in file ..\pac5xxx_sdk\pac5xxx_boot_KEIL\startup_pac5xxx_keil
.s
      At line 226 in file ..\pac5xxx_sdk\pac5xxx_boot_KEIL\startup_pac5xxx_keil
.s

__heap_base 00000000

Symbol: __heap_base
   Definitions
      At line 38 in file ..\pac5xxx_sdk\pac5xxx_boot_KEIL\startup_pac5xxx_keil.
s
   Uses
      None
Comment: __heap_base unused
__heap_limit 00000000

Symbol: __heap_limit
   Definitions
      At line 40 in file ..\pac5xxx_sdk\pac5xxx_boot_KEIL\startup_pac5xxx_keil.
s
   Uses
      None
Comment: __heap_limit unused
4 symbols



ARM Macro Assembler    Page 1 Alphabetic symbol ordering
Relocatable symbols

RESET 00000000

Symbol: RESET
   Definitions
      At line 49 in file ..\pac5xxx_sdk\pac5xxx_boot_KEIL\startup_pac5xxx_keil.
s
   Uses
      None
Comment: RESET unused
__Vectors 00000000

Symbol: __Vectors
   Definitions
      At line 52 in file ..\pac5xxx_sdk\pac5xxx_boot_KEIL\startup_pac5xxx_keil.
s
   Uses
      At line 50 in file ..\pac5xxx_sdk\pac5xxx_boot_KEIL\startup_pac5xxx_keil.
s
Comment: __Vectors used once
2 symbols



ARM Macro Assembler    Page 1 Alphabetic symbol ordering
Relocatable symbols

.ARM.__at_0x02FC 00000000

Symbol: .ARM.__at_0x02FC
   Definitions
      At line 92 in file ..\pac5xxx_sdk\pac5xxx_boot_KEIL\startup_pac5xxx_keil.
s
   Uses
      None
Comment: .ARM.__at_0x02FC unused
CRP_Key 00000000

Symbol: CRP_Key
   Definitions
      At line 93 in file ..\pac5xxx_sdk\pac5xxx_boot_KEIL\startup_pac5xxx_keil.
s
   Uses
      None
Comment: CRP_Key unused
2 symbols



ARM Macro Assembler    Page 1 Alphabetic symbol ordering
Relocatable symbols

.text 00000000

Symbol: .text
   Definitions
      At line 97 in file ..\pac5xxx_sdk\pac5xxx_boot_KEIL\startup_pac5xxx_keil.
s
   Uses
      None
Comment: .text unused
ADC_IRQHandler 0000001A

Symbol: ADC_IRQHandler
   Definitions
      At line 194 in file ..\pac5xxx_sdk\pac5xxx_boot_KEIL\startup_pac5xxx_keil
.s
   Uses
      At line 83 in file ..\pac5xxx_sdk\pac5xxx_boot_KEIL\startup_pac5xxx_keil.
s
      At line 173 in file ..\pac5xxx_sdk\pac5xxx_boot_KEIL\startup_pac5xxx_keil
.s

BusFault_Handler 0000000E

Symbol: BusFault_Handler
   Definitions
      At line 130 in file ..\pac5xxx_sdk\pac5xxx_boot_KEIL\startup_pac5xxx_keil
.s
   Uses
      At line 131 in file ..\pac5xxx_sdk\pac5xxx_boot_KEIL\startup_pac5xxx_keil
.s
Comment: BusFault_Handler used once
DebugMon_Handler 00000014

Symbol: DebugMon_Handler
   Definitions
      At line 144 in file ..\pac5xxx_sdk\pac5xxx_boot_KEIL\startup_pac5xxx_keil
.s
   Uses
      At line 145 in file ..\pac5xxx_sdk\pac5xxx_boot_KEIL\startup_pac5xxx_keil
.s
Comment: DebugMon_Handler used once
Default_Handler 0000001A

Symbol: Default_Handler
   Definitions
      At line 157 in file ..\pac5xxx_sdk\pac5xxx_boot_KEIL\startup_pac5xxx_keil
.s
   Uses
      None
Comment: Default_Handler unused
EMUX_IRQHandler 0000001A

Symbol: EMUX_IRQHandler
   Definitions
      At line 199 in file ..\pac5xxx_sdk\pac5xxx_boot_KEIL\startup_pac5xxx_keil
.s
   Uses
      At line 88 in file ..\pac5xxx_sdk\pac5xxx_boot_KEIL\startup_pac5xxx_keil.
s



ARM Macro Assembler    Page 2 Alphabetic symbol ordering
Relocatable symbols

      At line 178 in file ..\pac5xxx_sdk\pac5xxx_boot_KEIL\startup_pac5xxx_keil
.s

GpioA_IRQHandler 0000001A

Symbol: GpioA_IRQHandler
   Definitions
      At line 184 in file ..\pac5xxx_sdk\pac5xxx_boot_KEIL\startup_pac5xxx_keil
.s
   Uses
      At line 73 in file ..\pac5xxx_sdk\pac5xxx_boot_KEIL\startup_pac5xxx_keil.
s
      At line 163 in file ..\pac5xxx_sdk\pac5xxx_boot_KEIL\startup_pac5xxx_keil
.s

GpioB_IRQHandler 0000001A

Symbol: GpioB_IRQHandler
   Definitions
      At line 185 in file ..\pac5xxx_sdk\pac5xxx_boot_KEIL\startup_pac5xxx_keil
.s
   Uses
      At line 74 in file ..\pac5xxx_sdk\pac5xxx_boot_KEIL\startup_pac5xxx_keil.
s
      At line 164 in file ..\pac5xxx_sdk\pac5xxx_boot_KEIL\startup_pac5xxx_keil
.s

GpioC_IRQHandler 0000001A

Symbol: GpioC_IRQHandler
   Definitions
      At line 186 in file ..\pac5xxx_sdk\pac5xxx_boot_KEIL\startup_pac5xxx_keil
.s
   Uses
      At line 75 in file ..\pac5xxx_sdk\pac5xxx_boot_KEIL\startup_pac5xxx_keil.
s
      At line 165 in file ..\pac5xxx_sdk\pac5xxx_boot_KEIL\startup_pac5xxx_keil
.s

GpioD_IRQHandler 0000001A

Symbol: GpioD_IRQHandler
   Definitions
      At line 187 in file ..\pac5xxx_sdk\pac5xxx_boot_KEIL\startup_pac5xxx_keil
.s
   Uses
      At line 76 in file ..\pac5xxx_sdk\pac5xxx_boot_KEIL\startup_pac5xxx_keil.
s
      At line 166 in file ..\pac5xxx_sdk\pac5xxx_boot_KEIL\startup_pac5xxx_keil
.s

GpioE_IRQHandler 0000001A

Symbol: GpioE_IRQHandler
   Definitions
      At line 188 in file ..\pac5xxx_sdk\pac5xxx_boot_KEIL\startup_pac5xxx_keil
.s
   Uses
      At line 77 in file ..\pac5xxx_sdk\pac5xxx_boot_KEIL\startup_pac5xxx_keil.



ARM Macro Assembler    Page 3 Alphabetic symbol ordering
Relocatable symbols

s
      At line 167 in file ..\pac5xxx_sdk\pac5xxx_boot_KEIL\startup_pac5xxx_keil
.s

HardFault_Handler 0000000A

Symbol: HardFault_Handler
   Definitions
      At line 120 in file ..\pac5xxx_sdk\pac5xxx_boot_KEIL\startup_pac5xxx_keil
.s
   Uses
      At line 55 in file ..\pac5xxx_sdk\pac5xxx_boot_KEIL\startup_pac5xxx_keil.
s
      At line 121 in file ..\pac5xxx_sdk\pac5xxx_boot_KEIL\startup_pac5xxx_keil
.s

I2C_IRQHandler 0000001A

Symbol: I2C_IRQHandler
   Definitions
      At line 198 in file ..\pac5xxx_sdk\pac5xxx_boot_KEIL\startup_pac5xxx_keil
.s
   Uses
      At line 87 in file ..\pac5xxx_sdk\pac5xxx_boot_KEIL\startup_pac5xxx_keil.
s
      At line 177 in file ..\pac5xxx_sdk\pac5xxx_boot_KEIL\startup_pac5xxx_keil
.s

MemCtl_IRQHandler 0000001A

Symbol: MemCtl_IRQHandler
   Definitions
      At line 181 in file ..\pac5xxx_sdk\pac5xxx_boot_KEIL\startup_pac5xxx_keil
.s
   Uses
      At line 70 in file ..\pac5xxx_sdk\pac5xxx_boot_KEIL\startup_pac5xxx_keil.
s
      At line 159 in file ..\pac5xxx_sdk\pac5xxx_boot_KEIL\startup_pac5xxx_keil
.s
      At line 160 in file ..\pac5xxx_sdk\pac5xxx_boot_KEIL\startup_pac5xxx_keil
.s

MemManage_Handler 0000000C

Symbol: MemManage_Handler
   Definitions
      At line 125 in file ..\pac5xxx_sdk\pac5xxx_boot_KEIL\startup_pac5xxx_keil
.s
   Uses
      At line 126 in file ..\pac5xxx_sdk\pac5xxx_boot_KEIL\startup_pac5xxx_keil
.s
Comment: MemManage_Handler used once
NMI_Handler 00000008

Symbol: NMI_Handler
   Definitions
      At line 115 in file ..\pac5xxx_sdk\pac5xxx_boot_KEIL\startup_pac5xxx_keil
.s
   Uses



ARM Macro Assembler    Page 4 Alphabetic symbol ordering
Relocatable symbols

      At line 54 in file ..\pac5xxx_sdk\pac5xxx_boot_KEIL\startup_pac5xxx_keil.
s
      At line 116 in file ..\pac5xxx_sdk\pac5xxx_boot_KEIL\startup_pac5xxx_keil
.s

PendSV_Handler 00000016

Symbol: PendSV_Handler
   Definitions
      At line 148 in file ..\pac5xxx_sdk\pac5xxx_boot_KEIL\startup_pac5xxx_keil
.s
   Uses
      At line 66 in file ..\pac5xxx_sdk\pac5xxx_boot_KEIL\startup_pac5xxx_keil.
s
      At line 149 in file ..\pac5xxx_sdk\pac5xxx_boot_KEIL\startup_pac5xxx_keil
.s

RTC_IRQHandler 0000001A

Symbol: RTC_IRQHandler
   Definitions
      At line 200 in file ..\pac5xxx_sdk\pac5xxx_boot_KEIL\startup_pac5xxx_keil
.s
   Uses
      At line 89 in file ..\pac5xxx_sdk\pac5xxx_boot_KEIL\startup_pac5xxx_keil.
s
      At line 179 in file ..\pac5xxx_sdk\pac5xxx_boot_KEIL\startup_pac5xxx_keil
.s

Reset_Handler 00000000

Symbol: Reset_Handler
   Definitions
      At line 102 in file ..\pac5xxx_sdk\pac5xxx_boot_KEIL\startup_pac5xxx_keil
.s
   Uses
      At line 53 in file ..\pac5xxx_sdk\pac5xxx_boot_KEIL\startup_pac5xxx_keil.
s
      At line 103 in file ..\pac5xxx_sdk\pac5xxx_boot_KEIL\startup_pac5xxx_keil
.s

SPIB_IRQHandler 0000001A

Symbol: SPIB_IRQHandler
   Definitions
      At line 196 in file ..\pac5xxx_sdk\pac5xxx_boot_KEIL\startup_pac5xxx_keil
.s
   Uses
      At line 85 in file ..\pac5xxx_sdk\pac5xxx_boot_KEIL\startup_pac5xxx_keil.
s
      At line 175 in file ..\pac5xxx_sdk\pac5xxx_boot_KEIL\startup_pac5xxx_keil
.s

SVC_Handler 00000012

Symbol: SVC_Handler
   Definitions
      At line 139 in file ..\pac5xxx_sdk\pac5xxx_boot_KEIL\startup_pac5xxx_keil
.s



ARM Macro Assembler    Page 5 Alphabetic symbol ordering
Relocatable symbols

   Uses
      At line 63 in file ..\pac5xxx_sdk\pac5xxx_boot_KEIL\startup_pac5xxx_keil.
s
      At line 140 in file ..\pac5xxx_sdk\pac5xxx_boot_KEIL\startup_pac5xxx_keil
.s

SocBridge_IRQHandler 0000001A

Symbol: SocBridge_IRQHandler
   Definitions
      At line 195 in file ..\pac5xxx_sdk\pac5xxx_boot_KEIL\startup_pac5xxx_keil
.s
   Uses
      At line 84 in file ..\pac5xxx_sdk\pac5xxx_boot_KEIL\startup_pac5xxx_keil.
s
      At line 174 in file ..\pac5xxx_sdk\pac5xxx_boot_KEIL\startup_pac5xxx_keil
.s

SysClk_IRQHandler 0000001A

Symbol: SysClk_IRQHandler
   Definitions
      At line 182 in file ..\pac5xxx_sdk\pac5xxx_boot_KEIL\startup_pac5xxx_keil
.s
   Uses
      At line 71 in file ..\pac5xxx_sdk\pac5xxx_boot_KEIL\startup_pac5xxx_keil.
s
      At line 161 in file ..\pac5xxx_sdk\pac5xxx_boot_KEIL\startup_pac5xxx_keil
.s

SysTick_Handler 00000018

Symbol: SysTick_Handler
   Definitions
      At line 152 in file ..\pac5xxx_sdk\pac5xxx_boot_KEIL\startup_pac5xxx_keil
.s
   Uses
      At line 67 in file ..\pac5xxx_sdk\pac5xxx_boot_KEIL\startup_pac5xxx_keil.
s
      At line 153 in file ..\pac5xxx_sdk\pac5xxx_boot_KEIL\startup_pac5xxx_keil
.s

TimerAExt_IRQHandler 0000001A

Symbol: TimerAExt_IRQHandler
   Definitions
      At line 190 in file ..\pac5xxx_sdk\pac5xxx_boot_KEIL\startup_pac5xxx_keil
.s
   Uses
      At line 79 in file ..\pac5xxx_sdk\pac5xxx_boot_KEIL\startup_pac5xxx_keil.
s
      At line 169 in file ..\pac5xxx_sdk\pac5xxx_boot_KEIL\startup_pac5xxx_keil
.s

TimerA_IRQHandler 0000001A

Symbol: TimerA_IRQHandler
   Definitions
      At line 189 in file ..\pac5xxx_sdk\pac5xxx_boot_KEIL\startup_pac5xxx_keil



ARM Macro Assembler    Page 6 Alphabetic symbol ordering
Relocatable symbols

.s
   Uses
      At line 78 in file ..\pac5xxx_sdk\pac5xxx_boot_KEIL\startup_pac5xxx_keil.
s
      At line 168 in file ..\pac5xxx_sdk\pac5xxx_boot_KEIL\startup_pac5xxx_keil
.s

TimerB_IRQHandler 0000001A

Symbol: TimerB_IRQHandler
   Definitions
      At line 191 in file ..\pac5xxx_sdk\pac5xxx_boot_KEIL\startup_pac5xxx_keil
.s
   Uses
      At line 80 in file ..\pac5xxx_sdk\pac5xxx_boot_KEIL\startup_pac5xxx_keil.
s
      At line 170 in file ..\pac5xxx_sdk\pac5xxx_boot_KEIL\startup_pac5xxx_keil
.s

TimerC_IRQHandler 0000001A

Symbol: TimerC_IRQHandler
   Definitions
      At line 192 in file ..\pac5xxx_sdk\pac5xxx_boot_KEIL\startup_pac5xxx_keil
.s
   Uses
      At line 81 in file ..\pac5xxx_sdk\pac5xxx_boot_KEIL\startup_pac5xxx_keil.
s
      At line 171 in file ..\pac5xxx_sdk\pac5xxx_boot_KEIL\startup_pac5xxx_keil
.s

TimerD_IRQHandler 0000001A

Symbol: TimerD_IRQHandler
   Definitions
      At line 193 in file ..\pac5xxx_sdk\pac5xxx_boot_KEIL\startup_pac5xxx_keil
.s
   Uses
      At line 82 in file ..\pac5xxx_sdk\pac5xxx_boot_KEIL\startup_pac5xxx_keil.
s
      At line 172 in file ..\pac5xxx_sdk\pac5xxx_boot_KEIL\startup_pac5xxx_keil
.s

UART_IRQHandler 0000001A

Symbol: UART_IRQHandler
   Definitions
      At line 197 in file ..\pac5xxx_sdk\pac5xxx_boot_KEIL\startup_pac5xxx_keil
.s
   Uses
      At line 86 in file ..\pac5xxx_sdk\pac5xxx_boot_KEIL\startup_pac5xxx_keil.
s
      At line 176 in file ..\pac5xxx_sdk\pac5xxx_boot_KEIL\startup_pac5xxx_keil
.s

UsageFault_Handler 00000010

Symbol: UsageFault_Handler
   Definitions



ARM Macro Assembler    Page 7 Alphabetic symbol ordering
Relocatable symbols

      At line 135 in file ..\pac5xxx_sdk\pac5xxx_boot_KEIL\startup_pac5xxx_keil
.s
   Uses
      At line 136 in file ..\pac5xxx_sdk\pac5xxx_boot_KEIL\startup_pac5xxx_keil
.s
Comment: UsageFault_Handler used once
Wdt_IRQHandler 0000001A

Symbol: Wdt_IRQHandler
   Definitions
      At line 183 in file ..\pac5xxx_sdk\pac5xxx_boot_KEIL\startup_pac5xxx_keil
.s
   Uses
      At line 72 in file ..\pac5xxx_sdk\pac5xxx_boot_KEIL\startup_pac5xxx_keil.
s
      At line 162 in file ..\pac5xxx_sdk\pac5xxx_boot_KEIL\startup_pac5xxx_keil
.s

__user_initial_stackheap 0000001C

Symbol: __user_initial_stackheap
   Definitions
      At line 222 in file ..\pac5xxx_sdk\pac5xxx_boot_KEIL\startup_pac5xxx_keil
.s
   Uses
      At line 221 in file ..\pac5xxx_sdk\pac5xxx_boot_KEIL\startup_pac5xxx_keil
.s
Comment: __user_initial_stackheap used once
33 symbols



ARM Macro Assembler    Page 1 Alphabetic symbol ordering
Absolute symbols

Heap_Size 00000000

Symbol: Heap_Size
   Definitions
      At line 35 in file ..\pac5xxx_sdk\pac5xxx_boot_KEIL\startup_pac5xxx_keil.
s
   Uses
      At line 39 in file ..\pac5xxx_sdk\pac5xxx_boot_KEIL\startup_pac5xxx_keil.
s
      At line 226 in file ..\pac5xxx_sdk\pac5xxx_boot_KEIL\startup_pac5xxx_keil
.s

Stack_Size 00000100

Symbol: Stack_Size
   Definitions
      At line 24 in file ..\pac5xxx_sdk\pac5xxx_boot_KEIL\startup_pac5xxx_keil.
s
   Uses
      At line 27 in file ..\pac5xxx_sdk\pac5xxx_boot_KEIL\startup_pac5xxx_keil.
s
      At line 225 in file ..\pac5xxx_sdk\pac5xxx_boot_KEIL\startup_pac5xxx_keil
.s

2 symbols



ARM Macro Assembler    Page 1 Alphabetic symbol ordering
External symbols

SystemInit 00000000

Symbol: SystemInit
   Definitions
      At line 104 in file ..\pac5xxx_sdk\pac5xxx_boot_KEIL\startup_pac5xxx_keil
.s
   Uses
      At line 106 in file ..\pac5xxx_sdk\pac5xxx_boot_KEIL\startup_pac5xxx_keil
.s
Comment: SystemInit used once
__main 00000000

Symbol: __main
   Definitions
      At line 105 in file ..\pac5xxx_sdk\pac5xxx_boot_KEIL\startup_pac5xxx_keil
.s
   Uses
      At line 108 in file ..\pac5xxx_sdk\pac5xxx_boot_KEIL\startup_pac5xxx_keil
.s
Comment: __main used once
__use_two_region_memory 00000000

Symbol: __use_two_region_memory
   Definitions
      At line 220 in file ..\pac5xxx_sdk\pac5xxx_boot_KEIL\startup_pac5xxx_keil
.s
   Uses
      None
Comment: __use_two_region_memory unused
3 symbols
387 symbols in table
